#
# A fatal error has been detected by the Java Runtime Environment:
#
#  EXCEPTION_ACCESS_VIOLATION (0xc0000005) at pc=0x0000000065a3dba3, pid=536, tid=0x00000000000004b8
#
# JRE version: OpenJDK Runtime Environment (8.0_112-b06) (build 1.8.0_112-release-b06)
# Java VM: OpenJDK 64-Bit Server VM (25.112-b06 mixed mode windows-amd64 compressed oops)
# Problematic frame:
# V  [jvm.dll+0x46dba3]
#
# Failed to write core dump. Minidumps are not enabled by default on client versions of Windows
#
# If you would like to submit a bug report, please visit:
#   http://bugreport.java.com/bugreport/crash.jsp
#

---------------  T H R E A D  ---------------

Current thread (0x00000000564df000):  JavaThread "C2 CompilerThread0" daemon [_thread_in_native, id=1208, stack(0x0000000057d20000,0x0000000057e20000)]

siginfo: ExceptionCode=0xc0000005, reading address 0x00000005abd9c228

Registers:
RAX=0x000000005f104860, RBX=0x0000000000000010, RCX=0x00000000a9992f39, RDX=0x000000005a4caa20
RSP=0x0000000057e1c230, RBP=0x0000000057e1c2d9, RSI=0x0000000000000004, RDI=0x00000000589809e0
R8 =0x0000000058980be0, R9 =0x0000000000000000, R10=0x0000000000000046, R11=0x0000000057e1c388
R12=0x000000005ef04d20, R13=0x0000000057e1c4e0, R14=0x000000005ef04d10, R15=0x0000000000000020
RIP=0x0000000065a3dba3, EFLAGS=0x0000000000010202

Top of Stack: (sp=0x0000000057e1c230)
0x0000000057e1c230:   000000005646b940 000000005aa75730
0x0000000057e1c240:   0000000000000007 000000005f0d7938
0x0000000057e1c250:   0000000057e1c388 000000005f0d6f30
0x0000000057e1c260:   0000000057e1c3c8 0000000059094ab8
0x0000000057e1c270:   0000000000000008 0000000000000008
0x0000000057e1c280:   000000005646b940 0000000000000004
0x0000000057e1c290:   000000005d6c7e50 0000000000000000
0x0000000057e1c2a0:   0000000000000000 0000000000007fe8
0x0000000057e1c2b0:   0000000000007820 0000000000007fd8
0x0000000057e1c2c0:   000000005a6aacd0 000000005646b940
0x0000000057e1c2d0:   0000000000000004 000000005d6c7e30
0x0000000057e1c2e0:   0000000000000000 000000005aa6f7f0
0x0000000057e1c2f0:   0000000000000000 0000000059d5ffd0
0x0000000057e1c300:   0000000000000000 00000000000003b3
0x0000000057e1c310:   0000000000001d98 0000000057e1c4e0
0x0000000057e1c320:   000000005646b940 0000000059d60fe0 

Instructions: (pc=0x0000000065a3dba3)
0x0000000065a3db83:   8b 47 1c 45 33 c9 85 c0 74 2f 4c 8b 47 08 44 8b
0x0000000065a3db93:   d0 49 8b 10 48 85 d2 74 17 8b 4a 28 49 8b 45 68
0x0000000065a3dba3:   4c 39 34 c8 75 0a 48 83 7a 10 00 74 03 41 ff c1
0x0000000065a3dbb3:   49 83 c0 08 49 ff ca 75 d8 48 8b 45 77 48 63 4f 


Register to memory mapping:

RAX=0x000000005f104860 is an unknown value
RBX=0x0000000000000010 is an unknown value
RCX=0x00000000a9992f39 is an unallocated location in the heap
RDX=0x000000005a4caa20 is an unknown value
RSP=0x0000000057e1c230 is pointing into the stack for thread: 0x00000000564df000
RBP=0x0000000057e1c2d9 is pointing into the stack for thread: 0x00000000564df000
RSI=0x0000000000000004 is an unknown value
RDI=0x00000000589809e0 is an unknown value
R8 =0x0000000058980be0 is an unknown value
R9 =0x0000000000000000 is an unknown value
R10=0x0000000000000046 is an unknown value
R11=0x0000000057e1c388 is pointing into the stack for thread: 0x00000000564df000
R12=0x000000005ef04d20 is an unknown value
R13=0x0000000057e1c4e0 is pointing into the stack for thread: 0x00000000564df000
R14=0x000000005ef04d10 is an unknown value
R15=0x0000000000000020 is an unknown value


Stack: [0x0000000057d20000,0x0000000057e20000],  sp=0x0000000057e1c230,  free space=1008k
Native frames: (J=compiled Java code, j=interpreted, Vv=VM code, C=native code)
V  [jvm.dll+0x46dba3]
V  [jvm.dll+0x455408]
V  [jvm.dll+0x45600a]
V  [jvm.dll+0x43d5dc]
V  [jvm.dll+0x43ff8e]
V  [jvm.dll+0x423242]
V  [jvm.dll+0x80b29]
V  [jvm.dll+0x8145f]
V  [jvm.dll+0x21be7f]
V  [jvm.dll+0x26c13a]
C  [msvcr100.dll+0x21d9f]
C  [msvcr100.dll+0x21e3b]
C  [kernel32.dll+0x159cd]
C  [ntdll.dll+0x2a561]


Current CompileTask:
C2:3414748 22577       4       org.gradle.api.internal.project.taskfactory.DefaultTaskClassValidatorExtractor$2::visitType (256 bytes)


---------------  P R O C E S S  ---------------

Java Threads: ( => current thread )
  0x00000000596de000 JavaThread "Cache update executor" [_thread_blocked, id=5828, stack(0x0000000065460000,0x0000000065560000)]
  0x000000005a4a3000 JavaThread "Stdin handler" [_thread_blocked, id=5456, stack(0x0000000061c80000,0x0000000061d80000)]
  0x000000005a4a2800 JavaThread "Asynchronous log dispatcher for DefaultDaemonConnection: socket connection from /127.0.0.1:52745 to /127.0.0.1:57924" [_thread_blocked, id=1876, stack(0x00000000600c0000,0x00000000601c0000)]
  0x000000005a4a5800 JavaThread "Daemon worker Thread 13" [_thread_in_Java, id=6860, stack(0x00000000611b0000,0x00000000612b0000)]
  0x000000005a49e800 JavaThread "Cancel handler" [_thread_blocked, id=3124, stack(0x000000005b8a0000,0x000000005b9a0000)]
  0x000000005a4a1800 JavaThread "Handler for socket connection from /127.0.0.1:52745 to /127.0.0.1:57924" [_thread_in_native, id=2880, stack(0x000000005b400000,0x000000005b500000)]
  0x000000005a4a4000 JavaThread "Daemon Thread 13" [_thread_blocked, id=7020, stack(0x000000005b200000,0x000000005b300000)]
  0x000000005a4a4800 JavaThread "pool-7-thread-4" [_thread_blocked, id=3016, stack(0x0000000064020000,0x0000000064120000)]
  0x000000005a56f000 JavaThread "pool-7-thread-3" [_thread_blocked, id=5872, stack(0x0000000063ee0000,0x0000000063fe0000)]
  0x000000005a4a1000 JavaThread "pool-7-thread-2" [_thread_blocked, id=5668, stack(0x0000000063ae0000,0x0000000063be0000)]
  0x000000005a4a0000 JavaThread "pool-7-thread-1" [_thread_blocked, id=5324, stack(0x0000000063720000,0x0000000063820000)]
  0x000000005a56e800 JavaThread "pool-2-thread-1" [_thread_blocked, id=6168, stack(0x000000005ff90000,0x0000000060090000)]
  0x000000005a56c000 JavaThread "File lock request listener" [_thread_in_native, id=3412, stack(0x000000005e360000,0x000000005e460000)]
  0x00000000594a6800 JavaThread "pool-1-thread-1" [_thread_blocked, id=2700, stack(0x000000005b600000,0x000000005b700000)]
  0x000000005907f000 JavaThread "Incoming local TCP Connector on port 52745" [_thread_in_native, id=6288, stack(0x000000005ae80000,0x000000005af80000)]
  0x0000000057804800 JavaThread "Service Thread" daemon [_thread_blocked, id=232, stack(0x00000000583d0000,0x00000000584d0000)]
  0x0000000057794000 JavaThread "C1 CompilerThread2" daemon [_thread_blocked, id=3704, stack(0x00000000581f0000,0x00000000582f0000)]
  0x000000005777e000 JavaThread "C2 CompilerThread1" daemon [_thread_blocked, id=4896, stack(0x0000000057f70000,0x0000000058070000)]
=>0x00000000564df000 JavaThread "C2 CompilerThread0" daemon [_thread_in_native, id=1208, stack(0x0000000057d20000,0x0000000057e20000)]
  0x00000000564de000 JavaThread "Attach Listener" daemon [_thread_blocked, id=6628, stack(0x0000000057400000,0x0000000057500000)]
  0x00000000564d0800 JavaThread "Signal Dispatcher" daemon [_thread_blocked, id=1944, stack(0x0000000057bb0000,0x0000000057cb0000)]
  0x00000000564ba000 JavaThread "Finalizer" daemon [_thread_blocked, id=5228, stack(0x0000000057660000,0x0000000057760000)]
  0x0000000056473000 JavaThread "Reference Handler" daemon [_thread_blocked, id=4348, stack(0x0000000057530000,0x0000000057630000)]
  0x00000000024dd800 JavaThread "main" [_thread_blocked, id=6304, stack(0x0000000002770000,0x0000000002870000)]

Other Threads:
  0x000000005646c000 VMThread [stack: 0x00000000572f0000,0x00000000573f0000] [id=7080]
  0x000000005780e800 WatcherThread [stack: 0x0000000057e70000,0x0000000057f70000] [id=5748]

VM state:not at safepoint (normal execution)

VM Mutex/Monitor currently owned by a thread: None

Heap:
 PSYoungGen      total 299520K, used 19301K [0x00000000e0000000, 0x00000000f5c80000, 0x0000000100000000)
  eden space 268800K, 0% used [0x00000000e0000000,0x00000000e025eb40,0x00000000f0680000)
  from space 30720K, 54% used [0x00000000f3e80000,0x00000000f4efab78,0x00000000f5c80000)
  to   space 44032K, 0% used [0x00000000f0680000,0x00000000f0680000,0x00000000f3180000)
 ParOldGen       total 151552K, used 117970K [0x00000000a0000000, 0x00000000a9400000, 0x00000000e0000000)
  object space 151552K, 77% used [0x00000000a0000000,0x00000000a7334bf0,0x00000000a9400000)
 Metaspace       used 76112K, capacity 84580K, committed 84736K, reserved 1122304K
  class space    used 9596K, capacity 11405K, committed 11520K, reserved 1048576K

Card table byte_map: [0x0000000011c30000,0x0000000011f40000] byte_map_base: 0x0000000011730000

Marking Bits: (ParMarkBitMap*) 0x0000000065d918f0
 Begin Bits: [0x00000000127e0000, 0x0000000013fe0000)
 End Bits:   [0x0000000013fe0000, 0x00000000157e0000)

Polling page: 0x00000000001c0000

CodeCache: size=245760Kb used=60127Kb max_used=60258Kb free=185632Kb
 bounds [0x0000000002870000, 0x00000000063c0000, 0x0000000011870000]
 total_blobs=17869 nmethods=17075 adapters=705
 compilation: enabled

Compilation events (10 events):
Event: 3414.378 Thread 0x0000000057794000 22585  s    3       java.util.Properties::enumerate (54 bytes)
Event: 3414.379 Thread 0x0000000057794000 nmethod 22585 0x0000000005b97310 code [0x0000000005b974e0, 0x0000000005b97d58]
Event: 3414.392 Thread 0x0000000057794000 22586       3       javax.xml.parsers.DocumentBuilderFactory::setValidating (6 bytes)
Event: 3414.393 Thread 0x0000000057794000 nmethod 22586 0x0000000004367210 code [0x0000000004367360, 0x00000000043674b0]
Event: 3414.395 Thread 0x0000000057794000 22587       3       javax.xml.parsers.DocumentBuilderFactory::setNamespaceAware (6 bytes)
Event: 3414.396 Thread 0x0000000057794000 nmethod 22587 0x0000000003698310 code [0x0000000003698460, 0x00000000036985b0]
Event: 3414.429 Thread 0x000000005777e000 22588       4       org.gradle.internal.serialize.kryo.KryoBackedEncoder::writeNullableString (9 bytes)
Event: 3414.433 Thread 0x000000005777e000 nmethod 22588 0x0000000004987390 code [0x0000000004987520, 0x0000000004987930]
Event: 3414.438 Thread 0x000000005777e000 22589       4       org.gradle.internal.logging.source.PrintStreamLoggingSystem::install (87 bytes)
Event: 3414.444 Thread 0x000000005777e000 nmethod 22589 0x0000000004651490 code [0x0000000004651660, 0x0000000004651d60]

GC Heap History (10 events):
Event: 2855.488 GC heap before
{Heap before GC invocations=30 (full 3):
 PSYoungGen      total 374784K, used 351520K [0x00000000e0000000, 0x00000000fae00000, 0x0000000100000000)
  eden space 342016K, 100% used [0x00000000e0000000,0x00000000f4e00000,0x00000000f4e00000)
  from space 32768K, 29% used [0x00000000f8e00000,0x00000000f9748088,0x00000000fae00000)
  to   space 49152K, 0% used [0x00000000f4e00000,0x00000000f4e00000,0x00000000f7e00000)
 ParOldGen       total 151552K, used 116741K [0x00000000a0000000, 0x00000000a9400000, 0x00000000e0000000)
  object space 151552K, 77% used [0x00000000a0000000,0x00000000a72015b0,0x00000000a9400000)
 Metaspace       used 74701K, capacity 82020K, committed 82176K, reserved 1120256K
  class space    used 9402K, capacity 10911K, committed 11008K, reserved 1048576K
Event: 2855.501 GC heap after
Heap after GC invocations=30 (full 3):
 PSYoungGen      total 345088K, used 16425K [0x00000000e0000000, 0x00000000f9a80000, 0x0000000100000000)
  eden space 328192K, 0% used [0x00000000e0000000,0x00000000e0000000,0x00000000f4080000)
  from space 16896K, 97% used [0x00000000f4e00000,0x00000000f5e0a510,0x00000000f5e80000)
  to   space 46080K, 0% used [0x00000000f6d80000,0x00000000f6d80000,0x00000000f9a80000)
 ParOldGen       total 151552K, used 116749K [0x00000000a0000000, 0x00000000a9400000, 0x00000000e0000000)
  object space 151552K, 77% used [0x00000000a0000000,0x00000000a72035b0,0x00000000a9400000)
 Metaspace       used 74701K, capacity 82020K, committed 82176K, reserved 1120256K
  class space    used 9402K, capacity 10911K, committed 11008K, reserved 1048576K
}
Event: 2974.121 GC heap before
{Heap before GC invocations=31 (full 3):
 PSYoungGen      total 345088K, used 344617K [0x00000000e0000000, 0x00000000f9a80000, 0x0000000100000000)
  eden space 328192K, 100% used [0x00000000e0000000,0x00000000f4080000,0x00000000f4080000)
  from space 16896K, 97% used [0x00000000f4e00000,0x00000000f5e0a510,0x00000000f5e80000)
  to   space 46080K, 0% used [0x00000000f6d80000,0x00000000f6d80000,0x00000000f9a80000)
 ParOldGen       total 151552K, used 116749K [0x00000000a0000000, 0x00000000a9400000, 0x00000000e0000000)
  object space 151552K, 77% used [0x00000000a0000000,0x00000000a72035b0,0x00000000a9400000)
 Metaspace       used 75100K, capacity 82808K, committed 83072K, reserved 1122304K
  class space    used 9458K, capacity 11055K, committed 11136K, reserved 1048576K
Event: 2974.162 GC heap after
Heap after GC invocations=31 (full 3):
 PSYoungGen      total 342528K, used 17337K [0x00000000e0000000, 0x00000000f8880000, 0x0000000100000000)
  eden space 314880K, 0% used [0x00000000e0000000,0x00000000e0000000,0x00000000f3380000)
  from space 27648K, 62% used [0x00000000f6d80000,0x00000000f7e6e538,0x00000000f8880000)
  to   space 43520K, 0% used [0x00000000f3380000,0x00000000f3380000,0x00000000f5e00000)
 ParOldGen       total 151552K, used 116757K [0x00000000a0000000, 0x00000000a9400000, 0x00000000e0000000)
  object space 151552K, 77% used [0x00000000a0000000,0x00000000a72055b0,0x00000000a9400000)
 Metaspace       used 75100K, capacity 82808K, committed 83072K, reserved 1122304K
  class space    used 9458K, capacity 11055K, committed 11136K, reserved 1048576K
}
Event: 3023.166 GC heap before
{Heap before GC invocations=32 (full 3):
 PSYoungGen      total 342528K, used 332217K [0x00000000e0000000, 0x00000000f8880000, 0x0000000100000000)
  eden space 314880K, 100% used [0x00000000e0000000,0x00000000f3380000,0x00000000f3380000)
  from space 27648K, 62% used [0x00000000f6d80000,0x00000000f7e6e538,0x00000000f8880000)
  to   space 43520K, 0% used [0x00000000f3380000,0x00000000f3380000,0x00000000f5e00000)
 ParOldGen       total 151552K, used 116757K [0x00000000a0000000, 0x00000000a9400000, 0x00000000e0000000)
  object space 151552K, 77% used [0x00000000a0000000,0x00000000a72055b0,0x00000000a9400000)
 Metaspace       used 75244K, capacity 83068K, committed 83328K, reserved 1122304K
  class space    used 9476K, capacity 11103K, committed 11136K, reserved 1048576K
Event: 3023.199 GC heap after
Heap after GC invocations=32 (full 3):
 PSYoungGen      total 346112K, used 43514K [0x00000000e0000000, 0x00000000f8b80000, 0x0000000100000000)
  eden space 302592K, 0% used [0x00000000e0000000,0x00000000e0000000,0x00000000f2780000)
  from space 43520K, 99% used [0x00000000f3380000,0x00000000f5dfe868,0x00000000f5e00000)
  to   space 46592K, 0% used [0x00000000f5e00000,0x00000000f5e00000,0x00000000f8b80000)
 ParOldGen       total 151552K, used 117642K [0x00000000a0000000, 0x00000000a9400000, 0x00000000e0000000)
  object space 151552K, 77% used [0x00000000a0000000,0x00000000a72e2bf0,0x00000000a9400000)
 Metaspace       used 75244K, capacity 83068K, committed 83328K, reserved 1122304K
  class space    used 9476K, capacity 11103K, committed 11136K, reserved 1048576K
}
Event: 3115.875 GC heap before
{Heap before GC invocations=33 (full 3):
 PSYoungGen      total 346112K, used 346106K [0x00000000e0000000, 0x00000000f8b80000, 0x0000000100000000)
  eden space 302592K, 100% used [0x00000000e0000000,0x00000000f2780000,0x00000000f2780000)
  from space 43520K, 99% used [0x00000000f3380000,0x00000000f5dfe868,0x00000000f5e00000)
  to   space 46592K, 0% used [0x00000000f5e00000,0x00000000f5e00000,0x00000000f8b80000)
 ParOldGen       total 151552K, used 117642K [0x00000000a0000000, 0x00000000a9400000, 0x00000000e0000000)
  object space 151552K, 77% used [0x00000000a0000000,0x00000000a72e2bf0,0x00000000a9400000)
 Metaspace       used 75526K, capacity 83468K, committed 83712K, reserved 1122304K
  class space    used 9507K, capacity 11165K, committed 11264K, reserved 1048576K
Event: 3115.886 GC heap after
Heap after GC invocations=33 (full 3):
 PSYoungGen      total 320512K, used 14245K [0x00000000e0000000, 0x00000000f7b00000, 0x0000000100000000)
  eden space 290816K, 0% used [0x00000000e0000000,0x00000000e0000000,0x00000000f1c00000)
  from space 29696K, 47% used [0x00000000f5e00000,0x00000000f6be95e0,0x00000000f7b00000)
  to   space 48640K, 0% used [0x00000000f1c00000,0x00000000f1c00000,0x00000000f4b80000)
 ParOldGen       total 151552K, used 117954K [0x00000000a0000000, 0x00000000a9400000, 0x00000000e0000000)
  object space 151552K, 77% used [0x00000000a0000000,0x00000000a7330bf0,0x00000000a9400000)
 Metaspace       used 75526K, capacity 83468K, committed 83712K, reserved 1122304K
  class space    used 9507K, capacity 11165K, committed 11264K, reserved 1048576K
}
Event: 3316.562 GC heap before
{Heap before GC invocations=34 (full 3):
 PSYoungGen      total 320512K, used 305061K [0x00000000e0000000, 0x00000000f7b00000, 0x0000000100000000)
  eden space 290816K, 100% used [0x00000000e0000000,0x00000000f1c00000,0x00000000f1c00000)
  from space 29696K, 47% used [0x00000000f5e00000,0x00000000f6be95e0,0x00000000f7b00000)
  to   space 48640K, 0% used [0x00000000f1c00000,0x00000000f1c00000,0x00000000f4b80000)
 ParOldGen       total 151552K, used 117954K [0x00000000a0000000, 0x00000000a9400000, 0x00000000e0000000)
  object space 151552K, 77% used [0x00000000a0000000,0x00000000a7330bf0,0x00000000a9400000)
 Metaspace       used 75804K, capacity 84032K, committed 84352K, reserved 1122304K
  class space    used 9553K, capacity 11301K, committed 11392K, reserved 1048576K
Event: 3316.573 GC heap after
Heap after GC invocations=34 (full 3):
 PSYoungGen      total 293888K, used 14219K [0x00000000e0000000, 0x00000000f6c00000, 0x0000000100000000)
  eden space 279552K, 0% used [0x00000000e0000000,0x00000000e0000000,0x00000000f1100000)
  from space 14336K, 99% used [0x00000000f1c00000,0x00000000f29e2c88,0x00000000f2a00000)
  to   space 46592K, 0% used [0x00000000f3e80000,0x00000000f3e80000,0x00000000f6c00000)
 ParOldGen       total 151552K, used 117962K [0x00000000a0000000, 0x00000000a9400000, 0x00000000e0000000)
  object space 151552K, 77% used [0x00000000a0000000,0x00000000a7332bf0,0x00000000a9400000)
 Metaspace       used 75804K, capacity 84032K, committed 84352K, reserved 1122304K
  class space    used 9553K, capacity 11301K, committed 11392K, reserved 1048576K
}

Deoptimization events (10 events):
Event: 1978.036 Thread 0x000000005a4a4000 Uncommon trap: reason=null_check action=make_not_entrant pc=0x0000000005cf7f5c method=com.sun.org.apache.xpath.internal.patterns.NodeTest.subPartMatchNS(Ljava/lang/String;Ljava/lang/String;)Z @ 25
Event: 2054.606 Thread 0x000000005a4a5800 Uncommon trap: reason=class_check action=maybe_recompile pc=0x0000000005d92394 method=java.lang.reflect.Array.newInstance(Ljava/lang/Class;I)Ljava/lang/Object; @ 2
Event: 2081.914 Thread 0x000000005a4a5800 Uncommon trap: reason=class_check action=maybe_recompile pc=0x0000000005d92394 method=java.lang.reflect.Array.newInstance(Ljava/lang/Class;I)Ljava/lang/Object; @ 2
Event: 2126.324 Thread 0x000000005a4a5800 Uncommon trap: reason=class_check action=maybe_recompile pc=0x0000000005d92394 method=java.lang.reflect.Array.newInstance(Ljava/lang/Class;I)Ljava/lang/Object; @ 2
Event: 2139.139 Thread 0x000000005a4a5800 Uncommon trap: reason=class_check action=maybe_recompile pc=0x0000000005d92394 method=java.lang.reflect.Array.newInstance(Ljava/lang/Class;I)Ljava/lang/Object; @ 2
Event: 2973.974 Thread 0x000000005a4a5800 Uncommon trap: reason=unstable_if action=reinterpret pc=0x0000000005e2257c method=sun.nio.ch.IOUtil.writeFromNativeBuffer(Ljava/io/FileDescriptor;Ljava/nio/ByteBuffer;JLsun/nio/ch/NativeDispatcher;)I @ 121
Event: 2973.974 Thread 0x000000005a4a5800 Uncommon trap: reason=unstable_if action=reinterpret pc=0x0000000005d66a4c method=org.gradle.internal.remote.internal.inet.SocketConnection$SocketOutputStream.writeWithNonBlockingRetry()I @ 41
Event: 2973.975 Thread 0x000000005a4a5800 Uncommon trap: reason=unstable_if action=reinterpret pc=0x0000000003073978 method=sun.nio.ch.IOUtil.writeFromNativeBuffer(Ljava/io/FileDescriptor;Ljava/nio/ByteBuffer;JLsun/nio/ch/NativeDispatcher;)I @ 121
Event: 3115.794 Thread 0x000000005a4a4000 Uncommon trap: reason=unstable_if action=reinterpret pc=0x0000000005943e40 method=com.google.common.cache.LocalCache$Segment.evictEntries()V @ 25
Event: 3134.530 Thread 0x000000005a49e800 Uncommon trap: reason=unstable_if action=reinterpret pc=0x0000000005ccb0e0 method=java.util.concurrent.locks.AbstractQueuedSynchronizer.unparkSuccessor(Ljava/util/concurrent/locks/AbstractQueuedSynchronizer$Node;)V @ 22

Internal exceptions (10 events):
Event: 3317.068 Thread 0x000000005a4a1800 Exception <a 'sun/nio/fs/WindowsException'> (0x00000000e677ca20) thrown at [C:\src\android\AOSP-openjdk\external\jetbrains\jdk\hotspot\src\share\vm\prims\jni.cpp, line 709]
Event: 3342.155 Thread 0x000000005a4a1800 Exception <a 'java/lang/ClassNotFoundException': asLocalRepo1234_4rcxd7sz5frsv3ifqsqeh9y02BeanInfo> (0x00000000e6bd3b68) thrown at [C:\src\android\AOSP-openjdk\external\jetbrains\jdk\hotspot\src\share\vm\classfile\systemDictionary.cpp, line 210]
Event: 3342.155 Thread 0x000000005a4a1800 Exception <a 'java/lang/ClassNotFoundException': asLocalRepo1234_4rcxd7sz5frsv3ifqsqeh9y02Customizer> (0x00000000e6bdf248) thrown at [C:\src\android\AOSP-openjdk\external\jetbrains\jdk\hotspot\src\share\vm\classfile\systemDictionary.cpp, line 210]
Event: 3342.256 Thread 0x000000005a4a1800 Exception <a 'sun/nio/fs/WindowsException'> (0x00000000e9026508) thrown at [C:\src\android\AOSP-openjdk\external\jetbrains\jdk\hotspot\src\share\vm\prims\jni.cpp, line 709]
Event: 3342.630 Thread 0x000000005a4a1800 Exception <a 'sun/nio/fs/WindowsException'> (0x00000000ed233798) thrown at [C:\src\android\AOSP-openjdk\external\jetbrains\jdk\hotspot\src\share\vm\prims\jni.cpp, line 709]
Event: 3343.318 Thread 0x000000005a56e800 Exception <a 'sun/nio/fs/WindowsException'> (0x00000000ed2f7fb0) thrown at [C:\src\android\AOSP-openjdk\external\jetbrains\jdk\hotspot\src\share\vm\prims\jni.cpp, line 709]
Event: 3407.546 Thread 0x000000005a56e800 Exception <a 'sun/nio/fs/WindowsException'> (0x00000000ed368ea0) thrown at [C:\src\android\AOSP-openjdk\external\jetbrains\jdk\hotspot\src\share\vm\prims\jni.cpp, line 709]
Event: 3414.224 Thread 0x000000005a4a5800 Exception <a 'java/lang/ClassNotFoundException': asLocalRepo514_5x4bwgg1vp1vyef0drese4s38BeanInfo> (0x00000000ed710de0) thrown at [C:\src\android\AOSP-openjdk\external\jetbrains\jdk\hotspot\src\share\vm\classfile\systemDictionary.cpp, line 210]
Event: 3414.224 Thread 0x000000005a4a5800 Exception <a 'java/lang/ClassNotFoundException': asLocalRepo514_5x4bwgg1vp1vyef0drese4s38Customizer> (0x00000000ed71be48) thrown at [C:\src\android\AOSP-openjdk\external\jetbrains\jdk\hotspot\src\share\vm\classfile\systemDictionary.cpp, line 210]
Event: 3414.319 Thread 0x000000005a4a5800 Exception <a 'sun/nio/fs/WindowsException'> (0x00000000efb7b1b8) thrown at [C:\src\android\AOSP-openjdk\external\jetbrains\jdk\hotspot\src\share\vm\prims\jni.cpp, line 709]

Events (10 events):
Event: 3414.396 Thread 0x0000000057794000 flushing nmethod 0x000000000398bfd0
Event: 3414.433 Thread 0x000000005777e000 flushing nmethod 0x0000000003b39050
Event: 3414.433 Thread 0x000000005777e000 flushing nmethod 0x0000000003b48e50
Event: 3414.434 Thread 0x000000005777e000 flushing nmethod 0x0000000003bbb0d0
Event: 3414.434 Thread 0x000000005777e000 flushing nmethod 0x0000000003bdc490
Event: 3414.434 Thread 0x000000005777e000 flushing nmethod 0x0000000003be0690
Event: 3414.434 Thread 0x000000005777e000 flushing nmethod 0x0000000003c40210
Event: 3414.445 Thread 0x000000005777e000 flushing nmethod 0x0000000003e41d90
Event: 3414.445 Thread 0x000000005777e000 flushing nmethod 0x0000000003e8e650
Event: 3414.445 Thread 0x000000005777e000 flushing nmethod 0x0000000003ea5150


Dynamic libraries:
0x000000013fc10000 - 0x000000013fc41000 	D:\As\jre\bin\java.exe
0x00000000775f0000 - 0x000000007779a000 	C:\Windows\SYSTEM32\ntdll.dll
0x00000000773d0000 - 0x00000000774ef000 	C:\Windows\system32\kernel32.dll
0x000007fefd4f0000 - 0x000007fefd55a000 	C:\Windows\system32\KERNELBASE.dll
0x000007fefea10000 - 0x000007fefeaeb000 	C:\Windows\system32\ADVAPI32.dll
0x000007feff070000 - 0x000007feff10f000 	C:\Windows\system32\msvcrt.dll
0x000007fefec40000 - 0x000007fefec5f000 	C:\Windows\SYSTEM32\sechost.dll
0x000007fefed30000 - 0x000007fefee5d000 	C:\Windows\system32\RPCRT4.dll
0x00000000774f0000 - 0x00000000775ea000 	C:\Windows\system32\USER32.dll
0x000007fefebd0000 - 0x000007fefec37000 	C:\Windows\system32\GDI32.dll
0x000007fefe5a0000 - 0x000007fefe5ae000 	C:\Windows\system32\LPK.dll
0x000007fefeb00000 - 0x000007fefebca000 	C:\Windows\system32\USP10.dll
0x000007fefb9e0000 - 0x000007fefbbd4000 	C:\Windows\WinSxS\amd64_microsoft.windows.common-controls_6595b64144ccf1df_6.0.7601.18837_none_fa3b1e3d17594757\COMCTL32.dll
0x000007fefe520000 - 0x000007fefe591000 	C:\Windows\system32\SHLWAPI.dll
0x000007fefed00000 - 0x000007fefed2e000 	C:\Windows\system32\IMM32.DLL
0x000007feff110000 - 0x000007feff219000 	C:\Windows\system32\MSCTF.dll
0x0000000066520000 - 0x00000000665f2000 	D:\As\jre\jre\bin\msvcr100.dll
0x00000000655d0000 - 0x0000000065e0c000 	D:\As\jre\jre\bin\server\jvm.dll
0x000007fefbf20000 - 0x000007fefbf29000 	C:\Windows\system32\WSOCK32.dll
0x000007fefe5b0000 - 0x000007fefe5fd000 	C:\Windows\system32\WS2_32.dll
0x000007fefeaf0000 - 0x000007fefeaf8000 	C:\Windows\system32\NSI.dll
0x000007fefa560000 - 0x000007fefa59b000 	C:\Windows\system32\WINMM.dll
0x000007fefc370000 - 0x000007fefc37c000 	C:\Windows\system32\VERSION.dll
0x00000000777b0000 - 0x00000000777b7000 	C:\Windows\system32\PSAPI.DLL
0x000007fefbf10000 - 0x000007fefbf1f000 	D:\As\jre\jre\bin\verify.dll
0x000007fef8880000 - 0x000007fef88a9000 	D:\As\jre\jre\bin\java.dll
0x000007fef8860000 - 0x000007fef8876000 	D:\As\jre\jre\bin\zip.dll
0x000007fefd690000 - 0x000007fefe419000 	C:\Windows\system32\SHELL32.dll
0x000007fefee60000 - 0x000007feff063000 	C:\Windows\system32\ole32.dll
0x000007fefd2d0000 - 0x000007fefd2df000 	C:\Windows\system32\profapi.dll
0x000007fef8820000 - 0x000007fef883a000 	D:\As\jre\jre\bin\net.dll
0x000007fefca40000 - 0x000007fefca95000 	C:\Windows\system32\mswsock.dll
0x000007fefca30000 - 0x000007fefca37000 	C:\Windows\System32\wship6.dll
0x000007fef87a0000 - 0x000007fef87b1000 	D:\As\jre\jre\bin\nio.dll
0x000007feee5d0000 - 0x000007feee5ee000 	C:\Users\Administrator\.gradle\native\23\windows-amd64\native-platform.dll
0x000007fefcaa0000 - 0x000007fefcab7000 	C:\Windows\system32\CRYPTSP.dll
0x000007fefc7a0000 - 0x000007fefc7e7000 	C:\Windows\system32\rsaenh.dll
0x000007fefd610000 - 0x000007fefd62e000 	C:\Windows\system32\USERENV.dll
0x000007fefd170000 - 0x000007fefd17f000 	C:\Windows\system32\CRYPTBASE.dll
0x000007fefb060000 - 0x000007fefb087000 	C:\Windows\system32\IPHLPAPI.DLL
0x000007fefb050000 - 0x000007fefb05b000 	C:\Windows\system32\WINNSI.DLL
0x000007fefa260000 - 0x000007fefa271000 	C:\Windows\system32\dhcpcsvc6.DLL
0x000007fefa240000 - 0x000007fefa258000 	C:\Windows\system32\dhcpcsvc.DLL
0x000007fef8810000 - 0x000007fef881d000 	D:\As\jre\jre\bin\management.dll
0x000007fefd110000 - 0x000007fefd167000 	C:\Windows\system32\apphelp.dll
0x000007fef8630000 - 0x000007fef8654000 	D:\As\jre\jre\bin\sunec.dll
0x000007fef86c0000 - 0x000007fef86cb000 	D:\As\jre\jre\bin\sunmscapi.dll
0x000007fefd380000 - 0x000007fefd4ec000 	C:\Windows\system32\CRYPT32.dll
0x000007fefd2e0000 - 0x000007fefd2ef000 	C:\Windows\system32\MSASN1.dll
0x000007fef8160000 - 0x000007fef8285000 	C:\Windows\system32\dbghelp.dll

VM Arguments:
jvm_args: -Xmx1536m -Dfile.encoding=GBK -Duser.country=CN -Duser.language=zh -Duser.variant 
java_command: org.gradle.launcher.daemon.bootstrap.GradleDaemon 3.3
java_class_path (initial): C:\Users\Administrator\.gradle\wrapper\dists\gradle-3.3-all\55gk2rcmfc6p2dg9u9ohc3hw9\gradle-3.3\lib\gradle-launcher-3.3.jar
Launcher Type: SUN_STANDARD

Environment Variables:
JAVA_HOME=C:\Program Files (x86)\Java\jdk1.8.0_101
CLASSPATH=.;C:\Program Files (x86)\Java\jdk1.8.0_101lib;C:\Program Files (x86)\Java\jdk1.8.0_101lib\tools.jar;
PATH=C:\ProgramData\Oracle\Java\javapath;C:\Windows\system32;C:\Windows;C:\Windows\System32\Wbem;C:\Windows\System32\WindowsPowerShell\v1.0\;D:\git\Git\cmd;E:\git\Git\cmd;C:\Program Files (x86)\Java\jdk1.8.0_101\bin;C:\Program Files (x86)\Java\jre1.8.0_131\bin;C:\Program Files\MySQL\MySQL Utilities 1.6\
USERNAME=Administrator
OS=Windows_NT
PROCESSOR_IDENTIFIER=Intel64 Family 6 Model 60 Stepping 3, GenuineIntel



---------------  S Y S T E M  ---------------

OS: Windows 7 , 64 bit Build 7601 (6.1.7601.23677)

CPU:total 4 (4 cores per cpu, 1 threads per core) family 6 model 60 stepping 3, cmov, cx8, fxsr, mmx, sse, sse2, sse3, ssse3, sse4.1, sse4.2, popcnt, avx, avx2, aes, clmul, erms, rtm, lzcnt, tsc, tscinvbit, bmi1, bmi2

Memory: 4k page, physical 8273728k(3740824k free), swap 16545596k(11551060k free)

vm_info: OpenJDK 64-Bit Server VM (25.112-b06) for windows-amd64 JRE (1.8.0_112-release-b06), built on Dec  8 2016 00:54:26 by "builder" with MS VC++ 10.0 (VS2010)

time: Mon Aug 28 15:00:05 2017
elapsed time: 3414 seconds (0d 0h 56m 54s)

